2025-05-07 12:10:52,821 INFO o.a.j.u.JMeterUtils: Setting Locale to en_EN
2025-05-07 12:10:52,834 INFO o.a.j.JMeter: Loading user properties from: /nix/store/ahscjpay8h9bhfldwsd1358f5gmgm006-jmeter-5.6.3/bin/user.properties
2025-05-07 12:10:52,834 INFO o.a.j.JMeter: Loading system properties from: /nix/store/ahscjpay8h9bhfldwsd1358f5gmgm006-jmeter-5.6.3/bin/system.properties
2025-05-07 12:10:52,836 INFO o.a.j.JMeter: Copyright (c) 1998-2024 The Apache Software Foundation
2025-05-07 12:10:52,836 INFO o.a.j.JMeter: Version 5.6.3
2025-05-07 12:10:52,836 INFO o.a.j.JMeter: java.version=21.0.4
2025-05-07 12:10:52,836 INFO o.a.j.JMeter: java.vm.name=OpenJDK 64-Bit Server VM
2025-05-07 12:10:52,837 INFO o.a.j.JMeter: os.name=Mac OS X
2025-05-07 12:10:52,837 INFO o.a.j.JMeter: os.arch=aarch64
2025-05-07 12:10:52,837 INFO o.a.j.JMeter: os.version=15.4.1
2025-05-07 12:10:52,837 INFO o.a.j.JMeter: file.encoding=UTF-8
2025-05-07 12:10:52,837 INFO o.a.j.JMeter: java.awt.headless=null
2025-05-07 12:10:52,837 INFO o.a.j.JMeter: Max memory     =1073741824
2025-05-07 12:10:52,837 INFO o.a.j.JMeter: Available Processors =14
2025-05-07 12:10:52,841 INFO o.a.j.JMeter: Default Locale=English (EN)
2025-05-07 12:10:52,841 INFO o.a.j.JMeter: JMeter  Locale=English (EN)
2025-05-07 12:10:52,841 INFO o.a.j.JMeter: JMeterHome=/nix/store/ahscjpay8h9bhfldwsd1358f5gmgm006-jmeter-5.6.3
2025-05-07 12:10:52,841 INFO o.a.j.JMeter: user.dir  =/Users/dfjay/NixConfig
2025-05-07 12:10:52,841 INFO o.a.j.JMeter: PWD       =/Users/dfjay/NixConfig
2025-05-07 12:10:52,842 INFO o.a.j.JMeter: IP: 127.0.0.1 Name: dfjay-laptop.local FullName: localhost
2025-05-07 12:10:52,847 INFO o.a.j.JMeter: Loaded icon properties from org/apache/jmeter/images/icon.properties
2025-05-07 12:10:53,056 INFO o.a.j.JMeterGuiLauncher: Setting LAF to: com.github.weisj.darklaf.DarkLaf:com.github.weisj.darklaf.theme.DarculaTheme
